<?xml version="1.0" encoding="UTF-8"?>
<testsuite name="com.denofprogramming.controller.UserRepositoryTest" tests="1" skipped="0" failures="0" errors="0" timestamp="2019-03-30T02:26:55" hostname="Jeremys-MacBook-Pro-2.local" time="0.236">
  <properties/>
  <testcase name="readStudentTest" classname="com.denofprogramming.controller.UserRepositoryTest" time="0.236"/>
  <system-out><![CDATA[]]></system-out>
  <system-err><![CDATA[Mar 29, 2019 7:26:55 PM org.springframework.test.context.TestContextManager retrieveTestExecutionListeners
INFO: Could not instantiate TestExecutionListener class [org.springframework.test.context.web.ServletTestExecutionListener]. Specify custom listener classes or make the default listener classes (and their dependencies) available.
Mar 29, 2019 7:26:55 PM org.springframework.test.context.TestContextManager retrieveTestExecutionListeners
INFO: Could not instantiate TestExecutionListener class [org.springframework.test.context.transaction.TransactionalTestExecutionListener]. Specify custom listener classes or make the default listener classes (and their dependencies) available.
Mar 29, 2019 7:26:55 PM org.springframework.context.support.GenericApplicationContext prepareRefresh
INFO: Refreshing org.springframework.context.support.GenericApplicationContext@4c96bded: startup date [Fri Mar 29 19:26:55 PDT 2019]; root of context hierarchy
Mar 29, 2019 7:26:55 PM org.springframework.beans.factory.annotation.AutowiredAnnotationBeanPostProcessor <init>
INFO: JSR-330 'javax.inject.Inject' annotation found and supported for autowiring
Mar 29, 2019 7:26:55 PM com.denofprogramming.repository.UserRepository read
INFO: Entered UserRepository->read with:User [id=null, name=null, age=0]
Mar 29, 2019 7:26:55 PM com.denofprogramming.repository.UserRepository read
INFO: Exiting UserRepository->read with:User [id=null, name=Jim Sparrow, age=31]
]]></system-err>
</testsuite>
